<?xml version="1.0" encoding="UTF-8"?>
<testsuite name="com.test.loader.services.FileReaderServiceTest" tests="1" skipped="0" failures="0" errors="0" timestamp="2019-08-25T19:53:59" hostname="thor" time="0.939">
  <properties/>
  <testcase name="should read file and " classname="com.test.loader.services.FileReaderServiceTest" time="0.939"/>
  <system-out><![CDATA[]]></system-out>
  <system-err><![CDATA[]]></system-err>
</testsuite>
